\BOOKMARK [0][-]{chapter*.4}{Acknowledgment}{}% 1
\BOOKMARK [0][-]{chapter*.5}{Executive Summary}{}% 2
\BOOKMARK [0][-]{section*.6}{Table of Contents}{}% 3
\BOOKMARK [0][-]{section*.7}{List of Figures}{}% 4
\BOOKMARK [0][-]{section*.8}{List of Tables}{}% 5
\BOOKMARK [0][-]{section*.9}{Abbreviations}{}% 6
\BOOKMARK [0][-]{chapter*.10}{Symbols and Notations}{}% 7
\BOOKMARK [0][-]{chapter.1}{Introduction}{}% 8
\BOOKMARK [1][-]{section.1.1}{Objective}{chapter.1}% 9
\BOOKMARK [1][-]{section.1.2}{Motivation}{chapter.1}% 10
\BOOKMARK [1][-]{section.1.3}{Background}{chapter.1}% 11
\BOOKMARK [0][-]{chapter.2}{PROJECT DESCRIPTION AND GOALS}{}% 12
\BOOKMARK [0][-]{chapter.3}{TECHNICAL SPECIFICATIONS}{}% 13
\BOOKMARK [0][-]{chapter.4}{DESIGN APPROACH AND DETAILS}{}% 14
\BOOKMARK [1][-]{section.4.1}{Design Approach / Materials \046 Methods}{chapter.4}% 15
\BOOKMARK [1][-]{section.4.2}{Codes and Standards}{chapter.4}% 16
\BOOKMARK [1][-]{section.4.3}{Constraints, Alternatives and Tradeoffs}{chapter.4}% 17
\BOOKMARK [0][-]{chapter.5}{SCHEDULE, TASKS AND MILESTONES}{}% 18
\BOOKMARK [0][-]{chapter.6}{PROJECT DEMONSTRATION}{}% 19
\BOOKMARK [0][-]{chapter.7}{RESULTS \046 DISCUSSION}{}% 20
\BOOKMARK [0][-]{chapter.8}{SUMMARY}{}% 21
\BOOKMARK [0][-]{section*.12}{REFERENCES}{}% 22
\BOOKMARK [0][-]{Appendix.a.A}{Appendix Schneider PowerLogic Ion 7650 as Modbus Slave}{}% 23
\BOOKMARK [0][-]{Appendix.a.B}{Appendix Pin Diagram of Raspberry Pi}{}% 24
